<?xml version="1.0" encoding="UTF-8"?>
<coverage generated="1595217185942" clover="3.2.0">
  <project timestamp="1595217185942" name="All files">
    <metrics statements="13" coveredstatements="13" conditionals="2" coveredconditionals="2" methods="6" coveredmethods="6" elements="21" coveredelements="21" complexity="0" loc="13" ncloc="13" packages="1" files="1" classes="1"/>
    <file name="index.ts" path="/mnt/c/code/useReducerActions/src/index.ts">
      <metrics statements="13" coveredstatements="13" conditionals="2" coveredconditionals="2" methods="6" coveredmethods="6"/>
      <line num="1" count="1" type="stmt"/>
      <line num="4" count="1" type="stmt"/>
      <line num="5" count="1" type="stmt"/>
      <line num="6" count="3" type="stmt"/>
      <line num="8" count="1" type="stmt"/>
      <line num="37" count="1" type="stmt"/>
      <line num="38" count="5" type="stmt"/>
      <line num="39" count="4" type="stmt"/>
      <line num="41" count="5" type="stmt"/>
      <line num="43" count="5" type="stmt"/>
      <line num="44" count="1" type="stmt"/>
      <line num="46" count="4" type="cond" truecount="2" falsecount="0"/>
      <line num="50" count="5" type="stmt"/>
    </file>
  </project>
</coverage>
