{"/mnt/c/code/useReducerActions/src/index.ts": {"path":"/mnt/c/code/useReducerActions/src/index.ts","statementMap":{"0":{"start":{"line":1,"column":0},"end":{"line":1,"column":57}},"1":{"start":{"line":4,"column":54},"end":{"line":4,"column":56}},"2":{"start":{"line":5,"column":2},"end":{"line":7,"column":null}},"3":{"start":{"line":6,"column":4},"end":{"line":6,"column":44}},"4":{"start":{"line":8,"column":2},"end":{"line":8,"column":46}},"5":{"start":{"line":38,"column":18},"end":{"line":40,"column":21}},"6":{"start":{"line":39,"column":4},"end":{"line":39,"column":60}},"7":{"start":{"line":41,"column":28},"end":{"line":41,"column":61}},"8":{"start":{"line":41,"column":14},"end":{"line":41,"column":16}},"9":{"start":{"line":41,"column":24},"end":{"line":41,"column":28}},"10":{"start":{"line":43,"column":23},"end":{"line":48,"column":31}},"11":{"start":{"line":44,"column":4},"end":{"line":47,"column":6}},"12":{"start":{"line":46,"column":15},"end":{"line":46,"column":null}},"13":{"start":{"line":46,"column":33},"end":{"line":46,"column":null}},"14":{"start":{"line":50,"column":2},"end":{"line":50,"column":26}},"15":{"start":{"line":37,"column":0},"end":{"line":37,"column":16}}},"fnMap":{"0":{"name":"mapObject","decl":{"start":{"line":3,"column":9},"end":{"line":3,"column":18}},"loc":{"start":{"line":3,"column":61},"end":{"line":9,"column":1}}},"1":{"name":"useReducerActions","decl":{"start":{"line":37,"column":16},"end":{"line":37,"column":33}},"loc":{"start":{"line":37,"column":98},"end":{"line":51,"column":1}}},"2":{"name":"(anonymous_2)","decl":{"start":{"line":38,"column":30},"end":{"line":38,"column":31}},"loc":{"start":{"line":38,"column":58},"end":{"line":40,"column":3}}},"3":{"name":"(anonymous_3)","decl":{"start":{"line":43,"column":31},"end":{"line":43,"column":null}},"loc":{"start":{"line":43,"column":31},"end":{"line":48,"column":3}}},"4":{"name":"(anonymous_4)","decl":{"start":{"line":46,"column":6},"end":{"line":46,"column":7}},"loc":{"start":{"line":46,"column":10},"end":{"line":46,"column":16}}},"5":{"name":"(anonymous_5)","decl":{"start":{"line":46,"column":15},"end":{"line":46,"column":16}},"loc":{"start":{"line":46,"column":28},"end":{"line":46,"column":41}}}},"branchMap":{"0":{"loc":{"start":{"line":46,"column":59},"end":{"line":46,"column":66}},"type":"binary-expr","locations":[{"start":{"line":46,"column":59},"end":{"line":46,"column":66}},{"start":{"line":46,"column":70},"end":{"line":46,"column":72}}]}},"s":{"0":1,"1":1,"2":1,"3":3,"4":1,"5":5,"6":4,"7":5,"8":5,"9":5,"10":5,"11":1,"12":3,"13":4,"14":5,"15":1},"f":{"0":1,"1":5,"2":4,"3":1,"4":3,"5":4},"b":{"0":[4,2]}}
}
